c:\users\root\source\repos\cpp_clr_wf_example\cpp_clr_wf_example\x64\debug\rwtxtcpp.pch
c:\users\root\source\repos\cpp_clr_wf_example\cpp_clr_wf_example\x64\debug\vc143.pdb
c:\users\root\source\repos\cpp_clr_wf_example\cpp_clr_wf_example\x64\debug\pch.obj
c:\users\root\source\repos\cpp_clr_wf_example\cpp_clr_wf_example\x64\debug\form1.obj
c:\users\root\source\repos\cpp_clr_wf_example\cpp_clr_wf_example\x64\debug\cppclr_winformsproject.obj
c:\users\root\source\repos\cpp_clr_wf_example\cpp_clr_wf_example\x64\debug\assemblyinfo.obj
c:\users\root\source\repos\cpp_clr_wf_example\cpp_clr_wf_example\x64\debug\.netframework,version=v4.7.2.assemblyattributes.obj
c:\users\root\source\repos\cpp_clr_wf_example\x64\debug\rwtxtcpp.exe
c:\users\root\source\repos\cpp_clr_wf_example\x64\debug\rwtxtcpp.pdb
c:\users\root\source\repos\cpp_clr_wf_example\cpp_clr_wf_example\x64\debug\app.res
c:\users\root\source\repos\cpp_clr_wf_example\cpp_clr_wf_example\x64\debug\cpp_clr_wf_example.pch
c:\users\root\source\repos\cpp_clr_wf_example\cpp_clr_wf_example\x64\debug\rwtxtcpp.tlog\cl.command.1.tlog
c:\users\root\source\repos\cpp_clr_wf_example\cpp_clr_wf_example\x64\debug\rwtxtcpp.tlog\cl.items.tlog
c:\users\root\source\repos\cpp_clr_wf_example\cpp_clr_wf_example\x64\debug\rwtxtcpp.tlog\cl.read.1.tlog
c:\users\root\source\repos\cpp_clr_wf_example\cpp_clr_wf_example\x64\debug\rwtxtcpp.tlog\cl.write.1.tlog
c:\users\root\source\repos\cpp_clr_wf_example\cpp_clr_wf_example\x64\debug\rwtxtcpp.tlog\link.command.1.tlog
c:\users\root\source\repos\cpp_clr_wf_example\cpp_clr_wf_example\x64\debug\rwtxtcpp.tlog\link.read.1.tlog
c:\users\root\source\repos\cpp_clr_wf_example\cpp_clr_wf_example\x64\debug\rwtxtcpp.tlog\link.write.1.tlog
c:\users\root\source\repos\cpp_clr_wf_example\cpp_clr_wf_example\x64\debug\rwtxtcpp.tlog\metagen.read.1.tlog
c:\users\root\source\repos\cpp_clr_wf_example\cpp_clr_wf_example\x64\debug\rwtxtcpp.tlog\metagen.write.1.tlog
c:\users\root\source\repos\cpp_clr_wf_example\cpp_clr_wf_example\x64\debug\rwtxtcpp.tlog\rc.command.1.tlog
c:\users\root\source\repos\cpp_clr_wf_example\cpp_clr_wf_example\x64\debug\rwtxtcpp.tlog\rc.read.1.tlog
c:\users\root\source\repos\cpp_clr_wf_example\cpp_clr_wf_example\x64\debug\rwtxtcpp.tlog\rc.write.1.tlog
c:\users\root\source\repos\cpp_clr_wf_example\cpp_clr_wf_example\x64\debug\rwtxtcpp.tlog\resgen.command.1.tlog
c:\users\root\source\repos\cpp_clr_wf_example\cpp_clr_wf_example\x64\debug\rwtxtcpp.tlog\resgen.read.1.tlog
c:\users\root\source\repos\cpp_clr_wf_example\cpp_clr_wf_example\x64\debug\rwtxtcpp.tlog\resgen.write.1.tlog
